#
# A fatal error has been detected by the Java Runtime Environment:
#
#  EXCEPTION_ACCESS_VIOLATION (0xc0000005) at pc=0x000000005f1c5746, pid=9276, tid=0x0000000000002444
#
# JRE version: Java(TM) SE Runtime Environment (8.0_221-b11) (build 1.8.0_221-b11)
# Java VM: Java HotSpot(TM) 64-Bit Server VM (25.221-b11 mixed mode windows-amd64 compressed oops)
# Problematic frame:
# V  [jvm.dll+0x4a5746]
#
# Failed to write core dump. Minidumps are not enabled by default on client versions of Windows
#
# If you would like to submit a bug report, please visit:
#   http://bugreport.java.com/bugreport/crash.jsp
#

---------------  T H R E A D  ---------------

Current thread (0x000000001e009000):  JavaThread "C2 CompilerThread1" daemon [_thread_in_native, id=9284, stack(0x000000001f850000,0x000000001f950000)]

siginfo: ExceptionCode=0xc0000005, reading address 0x0000000224e25ca0

Registers:
RAX=0x000000001e009000, RBX=0x000000001f94e950, RCX=0x0000000000000007, RDX=0x00000000000046e6
RSP=0x000000001f94c0f0, RBP=0x000000001f94c5a0, RSI=0x00000000253d53f0, RDI=0x00000000000046e6
R8 =0x0000000224e25ca0, R9 =0x000000005f546420, R10=0x000000005ed20000, R11=0x00000000000000f8
R12=0x000000005f546420, R13=0x000000005ed20000, R14=0x000000005ed20000, R15=0x0000000000000000
RIP=0x000000005f1c5746, EFLAGS=0x0000000000010206

Top of Stack: (sp=0x000000001f94c0f0)
0x000000001f94c0f0:   0000000000000121 000000005f189e84
0x000000001f94c100:   000000001f94c5a0 000000001f94c5a0
0x000000001f94c110:   00000000000046e6 000000005f1c0fd4
0x000000001f94c120:   00000000253d53f0 000000001f94c2b0
0x000000001f94c130:   000000001f94c5a0 000000001f94c2b0
0x000000001f94c140:   0000183a00000001 0000000000000002
0x000000001f94c150:   000000002442c220 0000000000000019
0x000000001f94c160:   00000000263ef650 00000000000000b2
0x000000001f94c170:   00000000255a8010 0000000027da4da0
0x000000001f94c180:   000000000000752f ffffffffffffffff
0x000000001f94c190:   0000000000000001 000000005f18ae74
0x000000001f94c1a0:   0000000025bd54f0 000000001f94c5a0
0x000000001f94c1b0:   00000000000046e6 00000000002c4f20
0x000000001f94c1c0:   000046e900000000 0000000000000008
0x000000001f94c1d0:   0000000024440720 00000000000000b2
0x000000001f94c1e0:   00000000263feb10 00000000000000b2 

Instructions: (pc=0x000000005f1c5746)
0x000000005f1c5726:   00 49 8b 98 88 00 00 00 4c 8b 83 f0 07 00 00 4d
0x000000005f1c5736:   85 c0 75 0c e8 e1 fe ff ff 4c 8b 83 f0 07 00 00
0x000000005f1c5746:   49 8b 00 48 8b d7 48 89 83 f0 07 00 00 48 8b 5c
0x000000005f1c5756:   24 30 33 c0 49 89 00 49 89 40 08 49 89 40 10 49 


Register to memory mapping:

RAX=0x000000001e009000 is a thread
RBX=0x000000001f94e950 is pointing into the stack for thread: 0x000000001e009000
RCX=0x0000000000000007 is an unknown value
RDX=0x00000000000046e6 is an unknown value
RSP=0x000000001f94c0f0 is pointing into the stack for thread: 0x000000001e009000
RBP=0x000000001f94c5a0 is pointing into the stack for thread: 0x000000001e009000
RSI=0x00000000253d53f0 is an unknown value
RDI=0x00000000000046e6 is an unknown value
R8 =0x0000000224e25ca0 is an unknown value
R9 =0x000000005f546420 is an unknown value
R10=0x000000005ed20000 is an unknown value
R11=0x00000000000000f8 is an unknown value
R12=0x000000005f546420 is an unknown value
R13=0x000000005ed20000 is an unknown value
R14=0x000000005ed20000 is an unknown value
R15=0x0000000000000000 is an unknown value


Stack: [0x000000001f850000,0x000000001f950000],  sp=0x000000001f94c0f0,  free space=1008k
Native frames: (J=compiled Java code, j=interpreted, Vv=VM code, C=native code)
V  [jvm.dll+0x4a5746]
V  [jvm.dll+0x4a0fd4]
V  [jvm.dll+0x46ae74]
V  [jvm.dll+0x46cb23]
V  [jvm.dll+0x477e4b]
V  [jvm.dll+0x47a757]
V  [jvm.dll+0x45cfd2]
V  [jvm.dll+0xa6a62]
V  [jvm.dll+0xa73af]
V  [jvm.dll+0x24666f]
V  [jvm.dll+0x29fb8a]
C  [msvcr100.dll+0x21d9f]
C  [msvcr100.dll+0x21e3b]
C  [KERNEL32.DLL+0x14034]
C  [ntdll.dll+0x73691]


Current CompileTask:
C2:   3693  497 %     4       org.eclipse.jdt.launching.internal.org.objectweb.asm.ClassReader::readCode @ 2211 (5089 bytes)


---------------  P R O C E S S  ---------------

Java Threads: ( => current thread )
  0x000000001ff35800 JavaThread "mysql-cj-abandoned-connection-cleanup" daemon [_thread_blocked, id=11724, stack(0x0000000020550000,0x0000000020650000)]
  0x000000001e004800 JavaThread "Service Thread" daemon [_thread_blocked, id=11744, stack(0x000000001fb50000,0x000000001fc50000)]
  0x000000001e00e800 JavaThread "C1 CompilerThread3" daemon [_thread_blocked, id=13984, stack(0x000000001fa50000,0x000000001fb50000)]
  0x000000001e00c000 JavaThread "C2 CompilerThread2" daemon [_thread_blocked, id=14128, stack(0x000000001f950000,0x000000001fa50000)]
=>0x000000001e009000 JavaThread "C2 CompilerThread1" daemon [_thread_in_native, id=9284, stack(0x000000001f850000,0x000000001f950000)]
  0x000000001e008800 JavaThread "C2 CompilerThread0" daemon [_thread_blocked, id=11476, stack(0x000000001f750000,0x000000001f850000)]
  0x000000001df73800 JavaThread "JDWP Command Reader" daemon [_thread_in_native, id=13348, stack(0x000000001f650000,0x000000001f750000)]
  0x000000001df6c800 JavaThread "JDWP Event Helper Thread" daemon [_thread_blocked, id=8580, stack(0x000000001f550000,0x000000001f650000)]
  0x000000001df60800 JavaThread "JDWP Transport Listener: dt_socket" daemon [_thread_blocked, id=13400, stack(0x000000001f450000,0x000000001f550000)]
  0x000000001df07000 JavaThread "Attach Listener" daemon [_thread_blocked, id=13216, stack(0x000000001f350000,0x000000001f450000)]
  0x000000001df06000 JavaThread "Signal Dispatcher" daemon [_thread_blocked, id=13320, stack(0x000000001f250000,0x000000001f350000)]
  0x0000000002b9c000 JavaThread "Finalizer" daemon [_thread_blocked, id=4712, stack(0x000000001f150000,0x000000001f250000)]
  0x000000001dee3000 JavaThread "Reference Handler" daemon [_thread_blocked, id=11828, stack(0x000000001f050000,0x000000001f150000)]
  0x0000000002aa3800 JavaThread "main" [_thread_in_native, id=11280, stack(0x0000000002720000,0x0000000002820000)]

Other Threads:
  0x000000001c818000 VMThread [stack: 0x000000001ef50000,0x000000001f050000] [id=8996]
  0x000000001e029800 WatcherThread [stack: 0x000000001fc50000,0x000000001fd50000] [id=13624]

VM state:not at safepoint (normal execution)

VM Mutex/Monitor currently owned by a thread: None

heap address: 0x00000006c1000000, size: 4080 MB, Compressed Oops mode: Zero based, Oop shift amount: 3
Narrow klass base: 0x0000000000000000, Narrow klass shift: 3
Compressed class space size: 1073741824 Address: 0x00000007c0000000

Heap:
 PSYoungGen      total 76288K, used 46245K [0x000000076b000000, 0x0000000770500000, 0x00000007c0000000)
  eden space 65536K, 70% used [0x000000076b000000,0x000000076dd29498,0x000000076f000000)
  from space 10752K, 0% used [0x000000076fa80000,0x000000076fa80000,0x0000000770500000)
  to   space 10752K, 0% used [0x000000076f000000,0x000000076f000000,0x000000076fa80000)
 ParOldGen       total 175104K, used 0K [0x00000006c1000000, 0x00000006cbb00000, 0x000000076b000000)
  object space 175104K, 0% used [0x00000006c1000000,0x00000006c1000000,0x00000006cbb00000)
 Metaspace       used 11083K, capacity 11304K, committed 11648K, reserved 1058816K
  class space    used 1196K, capacity 1314K, committed 1408K, reserved 1048576K

Card table byte_map: [0x0000000011f60000,0x0000000012760000] byte_map_base: 0x000000000e958000

Marking Bits: (ParMarkBitMap*) 0x000000005f545ce0
 Begin Bits: [0x00000000136b0000, 0x0000000017670000)
 End Bits:   [0x0000000017670000, 0x000000001b630000)

Polling page: 0x00000000001e0000

CodeCache: size=245760Kb used=4101Kb max_used=4125Kb free=241658Kb
 bounds [0x0000000002ba0000, 0x0000000002fb0000, 0x0000000011ba0000]
 total_blobs=1301 nmethods=922 adapters=300
 compilation: enabled

Compilation events (10 events):
Event: 3.027 Thread 0x000000001e00e800  919       3       java.util.regex.ASCII::getType (17 bytes)
Event: 3.027 Thread 0x000000001e00e800 nmethod 919 0x0000000002f8bf10 code [0x0000000002f8c080, 0x0000000002f8c250]
Event: 3.027 Thread 0x000000001e00e800  915       3       jdk.internal.org.objectweb.asm.ClassWriter::newNameType (10 bytes)
Event: 3.027 Thread 0x000000001e00e800 nmethod 915 0x0000000002f93810 code [0x0000000002f93980, 0x0000000002f93b48]
Event: 3.036 Thread 0x000000001e008800 nmethod 905 0x0000000002f95b50 code [0x0000000002f95e80, 0x0000000002f97078]
Event: 3.036 Thread 0x000000001e008800  920       4       java.util.regex.Pattern$BmpCharProperty::match (50 bytes)
Event: 3.042 Thread 0x000000001e00c000 nmethod 856 0x0000000002f9fc90 code [0x0000000002fa0180, 0x0000000002fa6110]
Event: 3.042 Thread 0x000000001e00c000  923       4       java.util.regex.Pattern$Single::isSatisfiedBy (14 bytes)
Event: 3.042 Thread 0x000000001e00c000 nmethod 923 0x0000000002f77490 code [0x0000000002f775c0, 0x0000000002f77638]
Event: 3.043 Thread 0x000000001e008800 nmethod 920 0x0000000002f9a9d0 code [0x0000000002f9abe0, 0x0000000002f9bd70]

GC Heap History (0 events):
No events

Deoptimization events (4 events):
Event: 2.776 Thread 0x000000001ff35800 Uncommon trap: reason=unstable_if action=reinterpret pc=0x0000000002dc9668 method=java.lang.String.indexOf([CII[CIII)I @ 3
Event: 3.024 Thread 0x0000000002aa3800 Uncommon trap: reason=unstable_if action=reinterpret pc=0x0000000002eb29cc method=java.util.Properties$LineReader.readLine()I @ 174
Event: 3.024 Thread 0x0000000002aa3800 Uncommon trap: reason=unstable_if action=reinterpret pc=0x0000000002e0fa80 method=java.util.Properties$LineReader.readLine()I @ 174
Event: 3.024 Thread 0x0000000002aa3800 Uncommon trap: reason=unstable_if action=reinterpret pc=0x0000000002e15318 method=java.util.Properties.loadConvert([CII[C)Ljava/lang/String; @ 4

Classes redefined (0 events):
No events

Internal exceptions (8 events):
Event: 0.022 Thread 0x0000000002aa3800 Exception <a 'java/lang/NoSuchMethodError': Method sun.misc.Unsafe.defineClass(Ljava/lang/String;[BII)Ljava/lang/Class; name or signature does not match> (0x000000076b007cb8) thrown at [C:\re\workspace\8-2-build-windows-amd64-cygwin\jdk8u221\13320\hotspot
Event: 0.022 Thread 0x0000000002aa3800 Exception <a 'java/lang/NoSuchMethodError': Method sun.misc.Unsafe.prefetchRead(Ljava/lang/Object;J)V name or signature does not match> (0x000000076b007fa0) thrown at [C:\re\workspace\8-2-build-windows-amd64-cygwin\jdk8u221\13320\hotspot\src\share\vm\prim
Event: 0.248 Thread 0x0000000002aa3800 Exception <a 'java/security/PrivilegedActionException'> (0x000000076b7f6630) thrown at [C:\re\workspace\8-2-build-windows-amd64-cygwin\jdk8u221\13320\hotspot\src\share\vm\prims\jvm.cpp, line 1502]
Event: 0.248 Thread 0x0000000002aa3800 Exception <a 'java/security/PrivilegedActionException'> (0x000000076b7f6a28) thrown at [C:\re\workspace\8-2-build-windows-amd64-cygwin\jdk8u221\13320\hotspot\src\share\vm\prims\jvm.cpp, line 1502]
Event: 0.248 Thread 0x0000000002aa3800 Exception <a 'java/security/PrivilegedActionException'> (0x000000076b7fab20) thrown at [C:\re\workspace\8-2-build-windows-amd64-cygwin\jdk8u221\13320\hotspot\src\share\vm\prims\jvm.cpp, line 1502]
Event: 0.248 Thread 0x0000000002aa3800 Exception <a 'java/security/PrivilegedActionException'> (0x000000076b7faf18) thrown at [C:\re\workspace\8-2-build-windows-amd64-cygwin\jdk8u221\13320\hotspot\src\share\vm\prims\jvm.cpp, line 1502]
Event: 2.761 Thread 0x0000000002aa3800 Exception <a 'java/lang/NoSuchFieldError': method resolution failed> (0x000000076bac79e8) thrown at [C:\re\workspace\8-2-build-windows-amd64-cygwin\jdk8u221\13320\hotspot\src\share\vm\prims\methodHandles.cpp, line 1167]
Event: 2.764 Thread 0x0000000002aa3800 Exception <a 'java/lang/NoSuchFieldError': method resolution failed> (0x000000076bad5c00) thrown at [C:\re\workspace\8-2-build-windows-amd64-cygwin\jdk8u221\13320\hotspot\src\share\vm\prims\methodHandles.cpp, line 1167]

Events (10 events):
Event: 3.024 Thread 0x0000000002aa3800 Uncommon trap: trap_request=0xffffff65 fr.pc=0x0000000002e0fa80
Event: 3.024 Thread 0x0000000002aa3800 DEOPT PACKING pc=0x0000000002e0fa80 sp=0x000000000281e600
Event: 3.024 Thread 0x0000000002aa3800 DEOPT UNPACKING pc=0x0000000002be583b sp=0x000000000281e5d0 mode 2
Event: 3.024 Thread 0x0000000002aa3800 Uncommon trap: trap_request=0xffffff65 fr.pc=0x0000000002e15318
Event: 3.024 Thread 0x0000000002aa3800 DEOPT PACKING pc=0x0000000002e15318 sp=0x000000000281e5d0
Event: 3.024 Thread 0x0000000002aa3800 DEOPT UNPACKING pc=0x0000000002be583b sp=0x000000000281e5d0 mode 2
Event: 3.025 loading class java/util/Spliterators$ArraySpliterator
Event: 3.025 loading class java/util/Spliterators$ArraySpliterator done
Event: 3.027 Executing VM operation: ForceSafepoint
Event: 3.027 Executing VM operation: ForceSafepoint done


Dynamic libraries:
0x00007ff6279c0000 - 0x00007ff6279f7000 	C:\Program Files\Java\jdk1.8.0_221\bin\javaw.exe
0x00007ff97d040000 - 0x00007ff97d221000 	C:\Windows\SYSTEM32\ntdll.dll
0x00007ff97c970000 - 0x00007ff97ca21000 	C:\Windows\System32\KERNEL32.DLL
0x00007ff979a10000 - 0x00007ff979c83000 	C:\Windows\System32\KERNELBASE.dll
0x00007ff97be00000 - 0x00007ff97bea1000 	C:\Windows\System32\ADVAPI32.dll
0x00007ff97c060000 - 0x00007ff97c0fe000 	C:\Windows\System32\msvcrt.dll
0x00007ff97c420000 - 0x00007ff97c47b000 	C:\Windows\System32\sechost.dll
0x00007ff97c280000 - 0x00007ff97c3a4000 	C:\Windows\System32\RPCRT4.dll
0x00007ff97c480000 - 0x00007ff97c611000 	C:\Windows\System32\USER32.dll
0x00007ff97a490000 - 0x00007ff97a4b0000 	C:\Windows\System32\win32u.dll
0x00007ff97c030000 - 0x00007ff97c058000 	C:\Windows\System32\GDI32.dll
0x00007ff979620000 - 0x00007ff9797b3000 	C:\Windows\System32\gdi32full.dll
0x00007ff9797c0000 - 0x00007ff97985f000 	C:\Windows\System32\msvcp_win.dll
0x00007ff979860000 - 0x00007ff979958000 	C:\Windows\System32\ucrtbase.dll
0x00007ff96eea0000 - 0x00007ff96f109000 	C:\Windows\WinSxS\amd64_microsoft.windows.common-controls_6595b64144ccf1df_6.0.17134.1792_none_d40515b57c8b8c01\COMCTL32.dll
0x00007ff97b9a0000 - 0x00007ff97bcc1000 	C:\Windows\System32\combase.dll
0x00007ff979c90000 - 0x00007ff979d09000 	C:\Windows\System32\bcryptPrimitives.dll
0x00007ff97cb90000 - 0x00007ff97cbbd000 	C:\Windows\System32\IMM32.DLL
0x000000005f5d0000 - 0x000000005f6a2000 	C:\Program Files\Java\jdk1.8.0_221\jre\bin\msvcr100.dll
0x000000005ed20000 - 0x000000005f5c5000 	C:\Program Files\Java\jdk1.8.0_221\jre\bin\server\jvm.dll
0x00007ff97c3b0000 - 0x00007ff97c3b8000 	C:\Windows\System32\PSAPI.DLL
0x00007ff977590000 - 0x00007ff9775b3000 	C:\Windows\SYSTEM32\WINMM.dll
0x00007ff95cdb0000 - 0x00007ff95cdb9000 	C:\Windows\SYSTEM32\WSOCK32.dll
0x00007ff975630000 - 0x00007ff97563a000 	C:\Windows\SYSTEM32\VERSION.dll
0x00007ff97ca30000 - 0x00007ff97ca9c000 	C:\Windows\System32\WS2_32.dll
0x00007ff977530000 - 0x00007ff97755a000 	C:\Windows\SYSTEM32\winmmbase.dll
0x00007ff9793e0000 - 0x00007ff979429000 	C:\Windows\System32\cfgmgr32.dll
0x00007ff959760000 - 0x00007ff95976f000 	C:\Program Files\Java\jdk1.8.0_221\jre\bin\verify.dll
0x00007ff94b990000 - 0x00007ff94b9b9000 	C:\Program Files\Java\jdk1.8.0_221\jre\bin\java.dll
0x00007ff9567f0000 - 0x00007ff956825000 	C:\Program Files\Java\jdk1.8.0_221\jre\bin\jdwp.dll
0x00007ff9757e0000 - 0x00007ff9757e8000 	C:\Program Files\Java\jdk1.8.0_221\jre\bin\npt.dll
0x00007ff9566b0000 - 0x00007ff9566d3000 	C:\Program Files\Java\jdk1.8.0_221\jre\bin\instrument.dll
0x00007ff957be0000 - 0x00007ff957bf6000 	C:\Program Files\Java\jdk1.8.0_221\jre\bin\zip.dll
0x00007ff97a550000 - 0x00007ff97b995000 	C:\Windows\System32\SHELL32.dll
0x00007ff97c6b0000 - 0x00007ff97c759000 	C:\Windows\System32\shcore.dll
0x00007ff979d10000 - 0x00007ff97a425000 	C:\Windows\System32\windows.storage.dll
0x00007ff97bcd0000 - 0x00007ff97bd21000 	C:\Windows\System32\shlwapi.dll
0x00007ff979350000 - 0x00007ff979361000 	C:\Windows\System32\kernel.appcore.dll
0x00007ff979330000 - 0x00007ff97934f000 	C:\Windows\System32\profapi.dll
0x00007ff979370000 - 0x00007ff9793bc000 	C:\Windows\System32\powrprof.dll
0x00007ff979320000 - 0x00007ff97932a000 	C:\Windows\System32\FLTLIB.DLL
0x00007ff9757d0000 - 0x00007ff9757d9000 	C:\Program Files\Java\jdk1.8.0_221\jre\bin\dt_socket.dll
0x00007ff9635a0000 - 0x00007ff9635b6000 	C:\Windows\system32\napinsp.dll
0x00007ff963530000 - 0x00007ff96354a000 	C:\Windows\system32\pnrpnsp.dll
0x00007ff975e50000 - 0x00007ff975e69000 	C:\Windows\system32\NLAapi.dll
0x00007ff978ba0000 - 0x00007ff978c06000 	C:\Windows\System32\mswsock.dll
0x00007ff978930000 - 0x00007ff9789ef000 	C:\Windows\SYSTEM32\DNSAPI.dll
0x00007ff97c760000 - 0x00007ff97c768000 	C:\Windows\System32\NSI.dll
0x00007ff9788f0000 - 0x00007ff978928000 	C:\Windows\SYSTEM32\IPHLPAPI.DLL
0x00007ff962890000 - 0x00007ff96289e000 	C:\Windows\System32\winrnr.dll
0x00007ff9626f0000 - 0x00007ff962705000 	C:\Windows\System32\wshbth.dll
0x00007ff96f6c0000 - 0x00007ff96f732000 	C:\Windows\System32\fwpuclnt.dll
0x00007ff978e80000 - 0x00007ff978ea5000 	C:\Windows\SYSTEM32\bcrypt.dll
0x00007ff96e590000 - 0x00007ff96e59a000 	C:\Windows\System32\rasadhlp.dll
0x00007ff9575c0000 - 0x00007ff9575da000 	C:\Program Files\Java\jdk1.8.0_221\jre\bin\net.dll
0x00007ff96e850000 - 0x00007ff96ea1c000 	C:\Windows\SYSTEM32\urlmon.dll
0x00007ff96e5a0000 - 0x00007ff96e848000 	C:\Windows\SYSTEM32\iertutil.dll
0x00007ff978d70000 - 0x00007ff978d7b000 	C:\Windows\SYSTEM32\CRYPTBASE.DLL
0x00007ff94b630000 - 0x00007ff94b654000 	C:\Program Files\Java\jdk1.8.0_221\jre\bin\sunec.dll
0x00007ff975650000 - 0x00007ff97565b000 	C:\Program Files\Java\jdk1.8.0_221\jre\bin\sunmscapi.dll
0x00007ff979430000 - 0x00007ff979612000 	C:\Windows\System32\CRYPT32.dll
0x00007ff9793c0000 - 0x00007ff9793d2000 	C:\Windows\System32\MSASN1.dll
0x00007ff961da0000 - 0x00007ff961f69000 	C:\Windows\SYSTEM32\dbghelp.dll

VM Arguments:
jvm_args: -agentlib:jdwp=transport=dt_socket,suspend=y,address=localhost:52200 -javaagent:C:\work\sts-4.4.0.RELEASE\configuration\org.eclipse.osgi\244\0\.cp\lib\javaagent-shaded.jar -Dfile.encoding=UTF-8 
java_command: com.sbs.example.ucong.Main
java_class_path (initial): C:\work\sts-4.4.0.RELEASE-workspace\ucong-home\bin;C:\work\sts-4.4.0.RELEASE-workspace\ucong-home\lib\mysql-connector-java-8.0.22.jar;C:\work\sts-4.4.0.RELEASE\configuration\org.eclipse.osgi\244\0\.cp\lib\javaagent-shaded.jar
Launcher Type: SUN_STANDARD

Environment Variables:
PATH=C:\Program Files\Java\jdk1.8.0_221\jre\bin;C:/Program Files/Java/jre1.8.0_221/bin/server;C:/Program Files/Java/jre1.8.0_221/bin;C:/Program Files/Java/jre1.8.0_221/lib/amd64;C:\app\SBS-\product\11.2.0\dbhome_1\bin;C:\Program Files (x86)\Common Files\Oracle\Java\javapath;C:\Program Files (x86)\Common Files\Intel\Shared Libraries\redist\intel64\compiler;C:\Windows\system32;C:\Windows;C:\Windows\System32\Wbem;C:\Windows\System32\WindowsPowerShell\v1.0\;C:\Windows\System32\OpenSSH\;C:\Program Files (x86)\Brackets\command;C:\Program Files\nodejs\;C:\Program Files\Git\cmd;C:\Program Files\PuTTY\;C:\Program Files\Common Files\Autodesk Shared\;C:\Program Files\NVIDIA Corporation\NVIDIA NGX;C:\Program Files\ScmmrxClient\Shield\;C:\work\cocos2d-x-3.17.2\templates;C:\work\cocos2d-x-3.17.2\tools\cocos2d-console\bin;%USERPROFILE%\AppData\Local\Microsoft\WindowsApps;;C:\Users\SBS-\AppData\Local\Programs\Microsoft VS Code\bin;C:\Users\SBS-\AppData\Roaming\npm;C:\Program Files\Bandizip\;C:\work\sts-4.4.0.RELEASE;
USERNAME=SBS-
OS=Windows_NT
PROCESSOR_IDENTIFIER=Intel64 Family 6 Model 158 Stepping 10, GenuineIntel



---------------  S Y S T E M  ---------------

OS: Windows 10.0 , 64 bit Build 17134 (10.0.17134.1425)

CPU:total 12 (initial active 12) (6 cores per cpu, 2 threads per core) family 6 model 158 stepping 10, cmov, cx8, fxsr, mmx, sse, sse2, sse3, ssse3, sse4.1, sse4.2, popcnt, avx, avx2, aes, clmul, erms, rtm, 3dnowpref, lzcnt, ht, tsc, tscinvbit, bmi1, bmi2, adx

Memory: 4k page, physical 16710536k(10417192k free), swap 21166984k(5870764k free)

vm_info: Java HotSpot(TM) 64-Bit Server VM (25.221-b11) for windows-amd64 JRE (1.8.0_221-b11), built on Jul  4 2019 04:39:29 by "java_re" with MS VC++ 10.0 (VS2010)

time: Tue Dec 08 13:11:45 2020
timezone: 대한민국 표준시
elapsed time: 3 seconds (0d 0h 0m 3s)

