#
# A fatal error has been detected by the Java Runtime Environment:
#
#  EXCEPTION_ACCESS_VIOLATION (0xc0000005) at pc=0x000000006afc2e1a, pid=14308, tid=0x0000000000003744
#
# JRE version: Java(TM) SE Runtime Environment (8.0_221-b11) (build 1.8.0_221-b11)
# Java VM: Java HotSpot(TM) 64-Bit Server VM (25.221-b11 mixed mode windows-amd64 compressed oops)
# Problematic frame:
# V  [jvm.dll+0x572e1a]
#
# Failed to write core dump. Minidumps are not enabled by default on client versions of Windows
#
# If you would like to submit a bug report, please visit:
#   http://bugreport.java.com/bugreport/crash.jsp
#

---------------  T H R E A D  ---------------

Current thread (0x000000001e5ea800):  JavaThread "C2 CompilerThread1" daemon [_thread_in_native, id=14148, stack(0x000000001feb0000,0x000000001ffb0000)]

siginfo: ExceptionCode=0xc0000005, reading address 0x00000000000000b8

Registers:
RAX=0x0000000000000000, RBX=0x00000000035bcd61, RCX=0x0000000021b239e0, RDX=0x000000001ffabf70
RSP=0x000000001ffabea0, RBP=0x0000000021b22930, RSI=0x000000001ffae7c0, RDI=0x0000000021b22930
R8 =0x000000001ffac410, R9 =0x000000001ffac018, R10=0x0000000000000200, R11=0x000000006b037710
R12=0x000000001ffabf70, R13=0x00000000000001b0, R14=0x00000000204174b0, R15=0x00000000ffffffff
RIP=0x000000006afc2e1a, EFLAGS=0x0000000000010246

Top of Stack: (sp=0x000000001ffabea0)
0x000000001ffabea0:   00000000ffffffff 00000000204174b0
0x000000001ffabeb0:   00000000000001a8 ffffffffffffe130
0x000000001ffabec0:   000000006b048a38 0000000000000000
0x000000001ffabed0:   00000000204174b0 00000000000001b0
0x000000001ffabee0:   000000001ffabf70 0000cea8b5197f07
0x000000001ffabef0:   0000000021b22930 000000001ffae7c0
0x000000001ffabf00:   000000001ffac020 00000000035bd400
0x000000001ffabf10:   ffffffffffffe130 000000006aec0833
0x000000001ffabf20:   00000000035bd4c0 000000001ffac020
0x000000001ffabf30:   000000001ffae7c0 0000000021b22930
0x000000001ffabf40:   0000000000000000 0000000000000000
0x000000001ffabf50:   000000006b04c828 000000001ffabfc8
0x000000001ffabf60:   000000001ffac098 00000000ca004a80
0x000000001ffabf70:   000000006b037710 00000000035bd0e0
0x000000001ffabf80:   0000000000000000 00000000035bd0e0
0x000000001ffabf90:   00000000035bd4c0 00000000035bd4c0 

Instructions: (pc=0x000000006afc2e1a)
0x000000006afc2dfa:   42 08 00 48 8b 8d a8 00 00 00 49 8b 5c 24 68 48
0x000000006afc2e0a:   c7 44 24 28 00 00 00 00 48 89 44 24 20 48 8b 01
0x000000006afc2e1a:   ff 90 b8 00 00 00 49 8b 54 24 60 4c 8d 44 24 20
0x000000006afc2e2a:   48 8b f8 b8 fc ff ff ff 49 8d 4c 24 58 2b c3 41 


Register to memory mapping:

RAX=0x0000000000000000 is an unknown value
RBX=0x00000000035bcd61 is at code_begin+1 in 
[CodeBlob (0x00000000035bcd10)]
Framesize: 0
BufferBlob (0x00000000035bcd10) used for Compile::scratch_buffer
RCX=0x0000000021b239e0 is an unknown value
RDX=0x000000001ffabf70 is pointing into the stack for thread: 0x000000001e5ea800
RSP=0x000000001ffabea0 is pointing into the stack for thread: 0x000000001e5ea800
RBP=0x0000000021b22930 is an unknown value
RSI=0x000000001ffae7c0 is pointing into the stack for thread: 0x000000001e5ea800
RDI=0x0000000021b22930 is an unknown value
R8 =0x000000001ffac410 is pointing into the stack for thread: 0x000000001e5ea800
R9 =0x000000001ffac018 is pointing into the stack for thread: 0x000000001e5ea800
R10=0x0000000000000200 is an unknown value
R11=0x000000006b037710 is an unknown value
R12=0x000000001ffabf70 is pointing into the stack for thread: 0x000000001e5ea800
R13=0x00000000000001b0 is an unknown value
R14=0x00000000204174b0 is an unknown value
R15=0x00000000ffffffff is an unknown value


Stack: [0x000000001feb0000,0x000000001ffb0000],  sp=0x000000001ffabea0,  free space=1007k
Native frames: (J=compiled Java code, j=interpreted, Vv=VM code, C=native code)
V  [jvm.dll+0x572e1a]
V  [jvm.dll+0x470833]
V  [jvm.dll+0x4fce68]
V  [jvm.dll+0x4fe5dd]
V  [jvm.dll+0x501bf8]
V  [jvm.dll+0x477f82]
V  [jvm.dll+0x47a757]
V  [jvm.dll+0x45cfd2]
V  [jvm.dll+0xa6a62]
V  [jvm.dll+0xa73af]
V  [jvm.dll+0x24666f]
V  [jvm.dll+0x29fb8a]
C  [msvcr100.dll+0x21d9f]
C  [msvcr100.dll+0x21e3b]
C  [KERNEL32.DLL+0x14034]
C  [ntdll.dll+0x73691]


Current CompileTask:
C2:3989272 1006 %     4       org.eclipse.jdt.launching.internal.org.objectweb.asm.ClassReader::readCode @ 71 (5089 bytes)


---------------  P R O C E S S  ---------------

Java Threads: ( => current thread )
  0x00000000206bc800 JavaThread "mysql-cj-abandoned-connection-cleanup" daemon [_thread_blocked, id=11296, stack(0x0000000020bb0000,0x0000000020cb0000)]
  0x000000001e5e5800 JavaThread "Service Thread" daemon [_thread_blocked, id=14144, stack(0x00000000201b0000,0x00000000202b0000)]
  0x000000001e5ee000 JavaThread "C1 CompilerThread3" daemon [_thread_blocked, id=4760, stack(0x00000000200b0000,0x00000000201b0000)]
  0x000000001e5eb800 JavaThread "C2 CompilerThread2" daemon [_thread_blocked, id=14136, stack(0x000000001ffb0000,0x00000000200b0000)]
=>0x000000001e5ea800 JavaThread "C2 CompilerThread1" daemon [_thread_in_native, id=14148, stack(0x000000001feb0000,0x000000001ffb0000)]
  0x000000001e5ea000 JavaThread "C2 CompilerThread0" daemon [_thread_blocked, id=6728, stack(0x000000001fdb0000,0x000000001feb0000)]
  0x000000001e555000 JavaThread "JDWP Command Reader" daemon [_thread_in_native, id=14300, stack(0x000000001fcb0000,0x000000001fdb0000)]
  0x000000001e54e000 JavaThread "JDWP Event Helper Thread" daemon [_thread_blocked, id=13568, stack(0x000000001fbb0000,0x000000001fcb0000)]
  0x000000001e540000 JavaThread "JDWP Transport Listener: dt_socket" daemon [_thread_blocked, id=14284, stack(0x000000001fab0000,0x000000001fbb0000)]
  0x000000001e4e2800 JavaThread "Attach Listener" daemon [_thread_blocked, id=13492, stack(0x000000001f9b0000,0x000000001fab0000)]
  0x000000001e4e1800 JavaThread "Signal Dispatcher" daemon [_thread_blocked, id=13416, stack(0x000000001f8b0000,0x000000001f9b0000)]
  0x000000001cdd3000 JavaThread "Finalizer" daemon [_thread_blocked, id=1060, stack(0x000000001f720000,0x000000001f820000)]
  0x000000001e4c3000 JavaThread "Reference Handler" daemon [_thread_blocked, id=13388, stack(0x000000001f620000,0x000000001f720000)]
  0x0000000002ede800 JavaThread "main" [_thread_in_native, id=11504, stack(0x0000000002d70000,0x0000000002e70000)]

Other Threads:
  0x000000001cdc7800 VMThread [stack: 0x000000001f520000,0x000000001f620000] [id=1236]
  0x000000001e609800 WatcherThread [stack: 0x00000000202b0000,0x00000000203b0000] [id=13404]

VM state:not at safepoint (normal execution)

VM Mutex/Monitor currently owned by a thread: None

heap address: 0x00000006c1000000, size: 4080 MB, Compressed Oops mode: Zero based, Oop shift amount: 3
Narrow klass base: 0x0000000000000000, Narrow klass shift: 3
Compressed class space size: 1073741824 Address: 0x00000007c0000000

Heap:
 PSYoungGen      total 76288K, used 47373K [0x000000076b000000, 0x0000000770500000, 0x00000007c0000000)
  eden space 65536K, 72% used [0x000000076b000000,0x000000076de43670,0x000000076f000000)
  from space 10752K, 0% used [0x000000076fa80000,0x000000076fa80000,0x0000000770500000)
  to   space 10752K, 0% used [0x000000076f000000,0x000000076f000000,0x000000076fa80000)
 ParOldGen       total 175104K, used 0K [0x00000006c1000000, 0x00000006cbb00000, 0x000000076b000000)
  object space 175104K, 0% used [0x00000006c1000000,0x00000006c1000000,0x00000006cbb00000)
 Metaspace       used 11346K, capacity 11624K, committed 11904K, reserved 1060864K
  class space    used 1220K, capacity 1314K, committed 1408K, reserved 1048576K

Card table byte_map: [0x0000000012510000,0x0000000012d10000] byte_map_base: 0x000000000ef08000

Marking Bits: (ParMarkBitMap*) 0x000000006b275ce0
 Begin Bits: [0x0000000013c60000, 0x0000000017c20000)
 End Bits:   [0x0000000017c20000, 0x000000001bbe0000)

Polling page: 0x0000000002950000

CodeCache: size=245760Kb used=4819Kb max_used=4843Kb free=240940Kb
 bounds [0x0000000003150000, 0x0000000003630000, 0x0000000012150000]
 total_blobs=1394 nmethods=1005 adapters=309
 compilation: enabled

Compilation events (10 events):
Event: 1274.440 Thread 0x000000001e5ee000 nmethod 1001 0x000000000357c590 code [0x000000000357c780, 0x000000000357d0f8]
Event: 1279.440 Thread 0x000000001e5ee000 1002   !   3       com.mysql.cj.jdbc.AbandonedConnectionCleanupThread::checkThreadContextClassLoader (20 bytes)
Event: 1279.441 Thread 0x000000001e5ee000 nmethod 1002 0x00000000035bd5d0 code [0x00000000035bd800, 0x00000000035be5d8]
Event: 2200.101 Thread 0x000000001e5ea000 1003       4       sun.misc.URLClassPath$JarLoader::findResource (18 bytes)
Event: 2200.102 Thread 0x000000001e5ea000 nmethod 1003 0x000000000357c2d0 code [0x000000000357c420, 0x000000000357c4c8]
Event: 2735.614 Thread 0x000000001e5eb800 1004       4       sun.net.www.ParseUtil::encodePath (336 bytes)
Event: 2735.622 Thread 0x000000001e5eb800 nmethod 1004 0x00000000035b81d0 code [0x00000000035b8380, 0x00000000035b91d8]
Event: 2885.996 Thread 0x000000001e5ea800 1005       4       java.io.WinNTFileSystem::normalize (143 bytes)
Event: 2885.999 Thread 0x000000001e5ea800 nmethod 1005 0x00000000035b9b50 code [0x00000000035b9cc0, 0x00000000035ba198]
Event: 3988.429 Thread 0x000000001e5ea800 1006 %     4       org.eclipse.jdt.launching.internal.org.objectweb.asm.ClassReader::readCode @ 71 (5089 bytes)

GC Heap History (0 events):
No events

Deoptimization events (6 events):
Event: 2.644 Thread 0x0000000002ede800 Uncommon trap: reason=unstable_if action=reinterpret pc=0x00000000032d5f04 method=org.eclipse.jdt.launching.internal.org.objectweb.asm.ClassReader.readUTF8(I[C)Ljava/lang/String; @ 11
Event: 2.685 Thread 0x00000000206bc800 Uncommon trap: reason=unstable_if action=reinterpret pc=0x000000000337aca8 method=java.lang.String.indexOf([CII[CIII)I @ 3
Event: 2.916 Thread 0x0000000002ede800 Uncommon trap: reason=unstable_if action=reinterpret pc=0x00000000034d01bc method=sun.nio.cs.UTF_8$Decoder.decode([BII[C)I @ 30
Event: 2.943 Thread 0x0000000002ede800 Uncommon trap: reason=unstable_if action=reinterpret pc=0x000000000346770c method=java.util.Properties$LineReader.readLine()I @ 174
Event: 2.943 Thread 0x0000000002ede800 Uncommon trap: reason=unstable_if action=reinterpret pc=0x00000000033c6880 method=java.util.Properties$LineReader.readLine()I @ 174
Event: 2.943 Thread 0x0000000002ede800 Uncommon trap: reason=unstable_if action=reinterpret pc=0x00000000033c9c98 method=java.util.Properties.loadConvert([CII[C)Ljava/lang/String; @ 4

Classes redefined (1 events):
Event: 88.619 Thread 0x000000001cdc7800 redefined class name=com.sbs.example.ucong.service.BuildService, count=1

Internal exceptions (10 events):
Event: 0.022 Thread 0x0000000002ede800 Exception <a 'java/lang/NoSuchMethodError': Method sun.misc.Unsafe.defineClass(Ljava/lang/String;[BII)Ljava/lang/Class; name or signature does not match> (0x000000076b007cb8) thrown at [C:\re\workspace\8-2-build-windows-amd64-cygwin\jdk8u221\13320\hotspot
Event: 0.022 Thread 0x0000000002ede800 Exception <a 'java/lang/NoSuchMethodError': Method sun.misc.Unsafe.prefetchRead(Ljava/lang/Object;J)V name or signature does not match> (0x000000076b007fa0) thrown at [C:\re\workspace\8-2-build-windows-amd64-cygwin\jdk8u221\13320\hotspot\src\share\vm\prim
Event: 0.226 Thread 0x0000000002ede800 Exception <a 'java/security/PrivilegedActionException'> (0x000000076b7f6630) thrown at [C:\re\workspace\8-2-build-windows-amd64-cygwin\jdk8u221\13320\hotspot\src\share\vm\prims\jvm.cpp, line 1502]
Event: 0.226 Thread 0x0000000002ede800 Exception <a 'java/security/PrivilegedActionException'> (0x000000076b7f6a28) thrown at [C:\re\workspace\8-2-build-windows-amd64-cygwin\jdk8u221\13320\hotspot\src\share\vm\prims\jvm.cpp, line 1502]
Event: 0.227 Thread 0x0000000002ede800 Exception <a 'java/security/PrivilegedActionException'> (0x000000076b7fab20) thrown at [C:\re\workspace\8-2-build-windows-amd64-cygwin\jdk8u221\13320\hotspot\src\share\vm\prims\jvm.cpp, line 1502]
Event: 0.227 Thread 0x0000000002ede800 Exception <a 'java/security/PrivilegedActionException'> (0x000000076b7faf18) thrown at [C:\re\workspace\8-2-build-windows-amd64-cygwin\jdk8u221\13320\hotspot\src\share\vm\prims\jvm.cpp, line 1502]
Event: 2.640 Thread 0x0000000002ede800 Exception <a 'sun/nio/fs/WindowsException'> (0x000000076b939ca0) thrown at [C:\re\workspace\8-2-build-windows-amd64-cygwin\jdk8u221\13320\hotspot\src\share\vm\prims\jni.cpp, line 710]
Event: 2.640 Thread 0x0000000002ede800 Exception <a 'sun/nio/fs/WindowsException'> (0x000000076b940c90) thrown at [C:\re\workspace\8-2-build-windows-amd64-cygwin\jdk8u221\13320\hotspot\src\share\vm\prims\jni.cpp, line 710]
Event: 2.671 Thread 0x0000000002ede800 Exception <a 'java/lang/NoSuchFieldError': method resolution failed> (0x000000076baff9d8) thrown at [C:\re\workspace\8-2-build-windows-amd64-cygwin\jdk8u221\13320\hotspot\src\share\vm\prims\methodHandles.cpp, line 1167]
Event: 2.674 Thread 0x0000000002ede800 Exception <a 'java/lang/NoSuchFieldError': method resolution failed> (0x000000076bb0dbf0) thrown at [C:\re\workspace\8-2-build-windows-amd64-cygwin\jdk8u221\13320\hotspot\src\share\vm\prims\methodHandles.cpp, line 1167]

Events (10 events):
Event: 2.943 Thread 0x0000000002ede800 DEOPT UNPACKING pc=0x000000000319583b sp=0x0000000002e6e5b0 mode 2
Event: 2.943 Thread 0x0000000002ede800 Uncommon trap: trap_request=0xffffff65 fr.pc=0x00000000033c9c98
Event: 2.943 Thread 0x0000000002ede800 DEOPT PACKING pc=0x00000000033c9c98 sp=0x0000000002e6e5b0
Event: 2.943 Thread 0x0000000002ede800 DEOPT UNPACKING pc=0x000000000319583b sp=0x0000000002e6e5b0 mode 2
Event: 2.944 loading class java/util/Spliterators$ArraySpliterator
Event: 2.944 loading class java/util/Spliterators$ArraySpliterator done
Event: 4.222 Executing VM operation: EnableBiasedLocking
Event: 4.222 Executing VM operation: EnableBiasedLocking done
Event: 88.616 Executing VM operation: RedefineClasses
Event: 88.620 Executing VM operation: RedefineClasses done


Dynamic libraries:
0x00007ff7a72d0000 - 0x00007ff7a7307000 	C:\Program Files\Java\jdk1.8.0_221\bin\javaw.exe
0x00007ffb9de50000 - 0x00007ffb9e031000 	C:\Windows\SYSTEM32\ntdll.dll
0x00007ffb9c410000 - 0x00007ffb9c4c1000 	C:\Windows\System32\KERNEL32.DLL
0x00007ffb9a600000 - 0x00007ffb9a873000 	C:\Windows\System32\KERNELBASE.dll
0x00007ffb9b2c0000 - 0x00007ffb9b361000 	C:\Windows\System32\ADVAPI32.dll
0x00007ffb9b400000 - 0x00007ffb9b49e000 	C:\Windows\System32\msvcrt.dll
0x00007ffb9b950000 - 0x00007ffb9b9ab000 	C:\Windows\System32\sechost.dll
0x00007ffb9bbf0000 - 0x00007ffb9bd14000 	C:\Windows\System32\RPCRT4.dll
0x00007ffb9b540000 - 0x00007ffb9b6d1000 	C:\Windows\System32\USER32.dll
0x00007ffb9a5e0000 - 0x00007ffb9a600000 	C:\Windows\System32\win32u.dll
0x00007ffb9b370000 - 0x00007ffb9b398000 	C:\Windows\System32\GDI32.dll
0x00007ffb9a2a0000 - 0x00007ffb9a433000 	C:\Windows\System32\gdi32full.dll
0x00007ffb9a440000 - 0x00007ffb9a4df000 	C:\Windows\System32\msvcp_win.dll
0x00007ffb9a4e0000 - 0x00007ffb9a5d8000 	C:\Windows\System32\ucrtbase.dll
0x00007ffb883a0000 - 0x00007ffb88609000 	C:\Windows\WinSxS\amd64_microsoft.windows.common-controls_6595b64144ccf1df_6.0.17134.1792_none_d40515b57c8b8c01\COMCTL32.dll
0x00007ffb9c0e0000 - 0x00007ffb9c401000 	C:\Windows\System32\combase.dll
0x00007ffb9aa70000 - 0x00007ffb9aae9000 	C:\Windows\System32\bcryptPrimitives.dll
0x00007ffb9c4d0000 - 0x00007ffb9c4fd000 	C:\Windows\System32\IMM32.DLL
0x000000006c760000 - 0x000000006c832000 	C:\Program Files\Java\jdk1.8.0_221\jre\bin\msvcr100.dll
0x000000006aa50000 - 0x000000006b2f5000 	C:\Program Files\Java\jdk1.8.0_221\jre\bin\server\jvm.dll
0x00007ffb9bf00000 - 0x00007ffb9bf08000 	C:\Windows\System32\PSAPI.DLL
0x00007ffb964a0000 - 0x00007ffb964aa000 	C:\Windows\SYSTEM32\VERSION.dll
0x00007ffb828b0000 - 0x00007ffb828b9000 	C:\Windows\SYSTEM32\WSOCK32.dll
0x00007ffb98370000 - 0x00007ffb98393000 	C:\Windows\SYSTEM32\WINMM.dll
0x00007ffb9bf10000 - 0x00007ffb9bf7c000 	C:\Windows\System32\WS2_32.dll
0x00007ffb98250000 - 0x00007ffb9827a000 	C:\Windows\SYSTEM32\WINMMBASE.dll
0x00007ffb9aaf0000 - 0x00007ffb9ab39000 	C:\Windows\System32\cfgmgr32.dll
0x00007ffb98460000 - 0x00007ffb9846f000 	C:\Program Files\Java\jdk1.8.0_221\jre\bin\verify.dll
0x00007ffb8a3f0000 - 0x00007ffb8a419000 	C:\Program Files\Java\jdk1.8.0_221\jre\bin\java.dll
0x00007ffb897b0000 - 0x00007ffb897e5000 	C:\Program Files\Java\jdk1.8.0_221\jre\bin\jdwp.dll
0x00007ffb8a390000 - 0x00007ffb8a398000 	C:\Program Files\Java\jdk1.8.0_221\jre\bin\npt.dll
0x00007ffb83770000 - 0x00007ffb83793000 	C:\Program Files\Java\jdk1.8.0_221\jre\bin\instrument.dll
0x00007ffb89eb0000 - 0x00007ffb89ec6000 	C:\Program Files\Java\jdk1.8.0_221\jre\bin\zip.dll
0x00007ffb9c9d0000 - 0x00007ffb9de15000 	C:\Windows\System32\SHELL32.dll
0x00007ffb9b8a0000 - 0x00007ffb9b949000 	C:\Windows\System32\shcore.dll
0x00007ffb9aba0000 - 0x00007ffb9b2b5000 	C:\Windows\System32\windows.storage.dll
0x00007ffb9c950000 - 0x00007ffb9c9a1000 	C:\Windows\System32\shlwapi.dll
0x00007ffb9a1b0000 - 0x00007ffb9a1c1000 	C:\Windows\System32\kernel.appcore.dll
0x00007ffb9a1d0000 - 0x00007ffb9a1ef000 	C:\Windows\System32\profapi.dll
0x00007ffb9a160000 - 0x00007ffb9a1ac000 	C:\Windows\System32\powrprof.dll
0x00007ffb9a130000 - 0x00007ffb9a13a000 	C:\Windows\System32\FLTLIB.DLL
0x00007ffb8a1f0000 - 0x00007ffb8a1f9000 	C:\Program Files\Java\jdk1.8.0_221\jre\bin\dt_socket.dll
0x00007ffb83d30000 - 0x00007ffb83d46000 	C:\Windows\system32\napinsp.dll
0x00007ffb83b20000 - 0x00007ffb83b3a000 	C:\Windows\system32\pnrpnsp.dll
0x00007ffb96cb0000 - 0x00007ffb96cc9000 	C:\Windows\system32\NLAapi.dll
0x00007ffb999b0000 - 0x00007ffb99a16000 	C:\Windows\System32\mswsock.dll
0x00007ffb99740000 - 0x00007ffb997ff000 	C:\Windows\SYSTEM32\DNSAPI.dll
0x00007ffb9bbd0000 - 0x00007ffb9bbd8000 	C:\Windows\System32\NSI.dll
0x00007ffb99700000 - 0x00007ffb99738000 	C:\Windows\SYSTEM32\IPHLPAPI.DLL
0x00007ffb83830000 - 0x00007ffb8383e000 	C:\Windows\System32\winrnr.dll
0x00007ffb832c0000 - 0x00007ffb832d5000 	C:\Windows\System32\wshbth.dll
0x00007ffb951e0000 - 0x00007ffb95252000 	C:\Windows\System32\fwpuclnt.dll
0x00007ffb99c90000 - 0x00007ffb99cb5000 	C:\Windows\SYSTEM32\bcrypt.dll
0x00007ffb95430000 - 0x00007ffb9543a000 	C:\Windows\System32\rasadhlp.dll
0x00007ffb89e60000 - 0x00007ffb89e7a000 	C:\Program Files\Java\jdk1.8.0_221\jre\bin\net.dll
0x00007ffb870f0000 - 0x00007ffb872bc000 	C:\Windows\SYSTEM32\urlmon.dll
0x00007ffb86e40000 - 0x00007ffb870e8000 	C:\Windows\SYSTEM32\iertutil.dll
0x00007ffb99b80000 - 0x00007ffb99b8b000 	C:\Windows\SYSTEM32\CRYPTBASE.DLL
0x00007ffb89cb0000 - 0x00007ffb89cc2000 	C:\Program Files\Java\jdk1.8.0_221\jre\bin\nio.dll
0x00007ffb991f0000 - 0x00007ffb99221000 	C:\Windows\SYSTEM32\ntmarta.dll
0x00007ffb828c0000 - 0x00007ffb828e4000 	C:\Program Files\Java\jdk1.8.0_221\jre\bin\sunec.dll
0x00007ffb89ea0000 - 0x00007ffb89eab000 	C:\Program Files\Java\jdk1.8.0_221\jre\bin\sunmscapi.dll
0x00007ffb9a880000 - 0x00007ffb9aa62000 	C:\Windows\System32\CRYPT32.dll
0x00007ffb9a140000 - 0x00007ffb9a152000 	C:\Windows\System32\MSASN1.dll
0x00007ffb82350000 - 0x00007ffb82519000 	C:\Windows\SYSTEM32\dbghelp.dll

VM Arguments:
jvm_args: -agentlib:jdwp=transport=dt_socket,suspend=y,address=localhost:49246 -javaagent:C:\work\sts-4.4.0.RELEASE\configuration\org.eclipse.osgi\244\0\.cp\lib\javaagent-shaded.jar -Dfile.encoding=UTF-8 
java_command: com.sbs.example.ucong.Main
java_class_path (initial): C:\work\sts-4.4.0.RELEASE-workspace\ucong-home\bin;C:\work\sts-4.4.0.RELEASE-workspace\ucong-home\lib\mysql-connector-java-8.0.22.jar;C:\work\sts-4.4.0.RELEASE\configuration\org.eclipse.osgi\244\0\.cp\lib\javaagent-shaded.jar
Launcher Type: SUN_STANDARD

Environment Variables:
PATH=C:\Program Files\Java\jdk1.8.0_221\jre\bin;C:/Program Files/Java/jre1.8.0_221/bin/server;C:/Program Files/Java/jre1.8.0_221/bin;C:/Program Files/Java/jre1.8.0_221/lib/amd64;C:\app\SBS-\product\11.2.0\dbhome_1\bin;C:\Program Files (x86)\Common Files\Oracle\Java\javapath;C:\Program Files (x86)\Common Files\Intel\Shared Libraries\redist\intel64\compiler;C:\Windows\system32;C:\Windows;C:\Windows\System32\Wbem;C:\Windows\System32\WindowsPowerShell\v1.0\;C:\Windows\System32\OpenSSH\;C:\Program Files (x86)\Brackets\command;C:\Program Files\nodejs\;C:\Program Files\Git\cmd;C:\Program Files\PuTTY\;C:\Program Files\Common Files\Autodesk Shared\;C:\Program Files\NVIDIA Corporation\NVIDIA NGX;C:\Program Files\ScmmrxClient\Shield\;C:\work\cocos2d-x-3.17.2\templates;C:\work\cocos2d-x-3.17.2\tools\cocos2d-console\bin;C:\Users\SBS-\AppData\Local\Microsoft\WindowsApps;;C:\Users\SBS-\AppData\Roaming\npm;C:\Program Files\Bandizip\;C:\work\sts-4.4.0.RELEASE;
USERNAME=SBS-
OS=Windows_NT
PROCESSOR_IDENTIFIER=Intel64 Family 6 Model 158 Stepping 10, GenuineIntel



---------------  S Y S T E M  ---------------

OS: Windows 10.0 , 64 bit Build 17134 (10.0.17134.1425)

CPU:total 12 (initial active 12) (6 cores per cpu, 2 threads per core) family 6 model 158 stepping 10, cmov, cx8, fxsr, mmx, sse, sse2, sse3, ssse3, sse4.1, sse4.2, popcnt, avx, avx2, aes, clmul, erms, rtm, 3dnowpref, lzcnt, ht, tsc, tscinvbit, bmi1, bmi2, adx

Memory: 4k page, physical 16710536k(10970680k free), swap 21166984k(8391944k free)

vm_info: Java HotSpot(TM) 64-Bit Server VM (25.221-b11) for windows-amd64 JRE (1.8.0_221-b11), built on Jul  4 2019 04:39:29 by "java_re" with MS VC++ 10.0 (VS2010)

time: Thu Dec 10 13:13:21 2020
timezone: 대한민국 표준시
elapsed time: 3989 seconds (0d 1h 6m 29s)

